<?xml version="1.0" encoding="UTF-8" ?>
<testsuites errors="2"
            failures="1"
            tests="1">

  <testsuite name="angularjs homepage todo list" id="with-custom-commands.angularTodo"
    errors="2" failures="1" hostname="" package="with-custom-commands" skipped="0"
    tests="1" time="10.37" timestamp="">
  
    <testcase name="should add a todo using custom commands" classname="angularjs homepage todo list" time="10.36" assertions="1">  <failure message="Cannot read properties of null (reading &#39;2&#39;)">TypeError: Cannot read properties of null (reading &#39;2&#39;)
    at DescribeInstance.&lt;anonymous&gt; (/Users/rishabh.si@browserstack.com/Desktop/Projects/nightwatchProject/nightwatch/examples/with-custom-commands/angularTodo.js:19:36)</failure>

    
    <error type="error"><![CDATA[
    TypeError: Cannot read properties of null (reading &#39;2&#39;)
    at DescribeInstance.&lt;anonymous&gt; (/Users/rishabh.si@browserstack.com/Desktop/Projects/nightwatchProject/nightwatch/examples/with-custom-commands/angularTodo.js:19:36)
    at process.processTicksAndRejections (node:internal/process/task_queues:105:5)
    ]]></error>
    
    </testcase>
  

  
    <system-err>
       NoSuchElementError
   Unable to locate element: #rso using css selector

    Try fixing by :
    1. Please inspect the html before the step
    2. Verify if an element with the mentioned selector is present in the DOM tree
 NoSuchElementError
   An error occurred while running .sendKeys() command on &lt;[ng-model=&#34;todoList.todoText&#34;]&gt;: Timed out while waiting for element &#34;[ng-model=&#34;todoList.todoText&#34;]&#34; with &#34;css selector&#34; to be present for 5000 milliseconds.
    {&#34;error&#34;:{&#34;name&#34;:&#34;NoSuchWindowError&#34;,&#34;remoteStacktrace&#34;:&#34;&#34;},&#34;status&#34;:-1,&#34;value&#34;:null}

    Try fixing by :
    1. Please inspect the html before the step
    2. Verify if an element with the mentioned selector is present in the DOM tree

    Error location:
    /Users/rishabh.si@browserstack.com/Desktop/Projects/nightwatchProject/nightwatch/examples/with-custom-commands/angularTodo.js:15
    –––––––––––––––––––––––––––––––––––––––––––––––––––––––––––––––––––––––––––––––––––––––––––––––––––––––––––––––––––––––––––––––
     13 |     const elements = await browser
     14 |       .navigateTo(&#39;https://angularjs.org&#39;)
     15 |       .sendKeys(&#39;[ng-model=&#34;todoList.todoText&#34;]&#39;, &#39;what is nightwatch?&#39;) 
     16 |       .click(&#39;[value=&#34;add&#34;]&#39;)
     17 |       .angular.getElementsInList(&#39;todoList.todos&#39;); // use of custom-command
    –––––––––––––––––––––––––––––––––––––––––––––––––––––––––––––––––––––––––––––––––––––––––––––––––––––––––––––––––––––––––––––––

 NoSuchElementError
   An error occurred while running .click() command on &lt;[value=&#34;add&#34;]&gt;: Timed out while waiting for element &#34;[value=&#34;add&#34;]&#34; with &#34;css selector&#34; to be present for 5000 milliseconds.
    {&#34;error&#34;:{&#34;name&#34;:&#34;NoSuchWindowError&#34;,&#34;remoteStacktrace&#34;:&#34;&#34;},&#34;status&#34;:-1,&#34;value&#34;:null}

    Try fixing by :
    1. Please inspect the html before the step
    2. Verify if an element with the mentioned selector is present in the DOM tree

    Error location:
    /Users/rishabh.si@browserstack.com/Desktop/Projects/nightwatchProject/nightwatch/examples/with-custom-commands/angularTodo.js:16
    –––––––––––––––––––––––––––––––––––––––––––––––––––––––––––––––––––––––––––––––––––––––––––––––––––––––––––––––––––––––––––––––
     14 |       .navigateTo(&#39;https://angularjs.org&#39;)
     15 |       .sendKeys(&#39;[ng-model=&#34;todoList.todoText&#34;]&#39;, &#39;what is nightwatch?&#39;)
     16 |       .click(&#39;[value=&#34;add&#34;]&#39;) 
     17 |       .angular.getElementsInList(&#39;todoList.todos&#39;); // use of custom-command
     18 | 
    –––––––––––––––––––––––––––––––––––––––––––––––––––––––––––––––––––––––––––––––––––––––––––––––––––––––––––––––––––––––––––––––

    </system-err>
  

    

  
  </testsuite>
</testsuites>
